0 info it worked if it ends with ok
1 verbose cli [ 'c:\\Program Files\\nodejs\\node.exe',
1 verbose cli   'c:\\Users\\masted\\AppData\\Roaming\\npm\\node_modules\\npm\\bin\\npm-cli.js',
1 verbose cli   'install',
1 verbose cli   'uglify-js',
1 verbose cli   '-g' ]
2 info using npm@2.8.4
3 info using node@v0.10.35
4 verbose install initial load of c:\Program Files\nodejs\package.json
5 verbose readDependencies loading dependencies from c:\Program Files\nodejs\package.json
6 silly cache add args [ 'uglify-js', null ]
7 verbose cache add spec uglify-js
8 silly cache add parsed spec { raw: 'uglify-js',
8 silly cache add   scope: null,
8 silly cache add   name: 'uglify-js',
8 silly cache add   rawSpec: '',
8 silly cache add   spec: '*',
8 silly cache add   type: 'range' }
9 silly addNamed uglify-js@*
10 verbose addNamed "*" is a valid semver range for uglify-js
11 silly addNameRange { name: 'uglify-js', range: '*', hasData: false }
12 silly mapToRegistry name uglify-js
13 silly mapToRegistry using default registry
14 silly mapToRegistry registry https://registry.npmjs.org/
15 silly mapToRegistry uri https://registry.npmjs.org/uglify-js
16 verbose addNameRange registry:https://registry.npmjs.org/uglify-js not in flight; fetching
17 verbose request uri https://registry.npmjs.org/uglify-js
18 verbose request no auth needed
19 info attempt registry request try #1 at 15:45:41
20 verbose request id d6e528cdac5d1320
21 verbose etag "26Q2QJC04OJ753OLZLZTWPGG3"
22 http request GET https://registry.npmjs.org/uglify-js
23 http 200 https://registry.npmjs.org/uglify-js
24 silly get cb [ 200,
24 silly get   { server: 'CouchDB/1.5.0 (Erlang OTP/R16B03)',
24 silly get     etag: '"7UTVUTS8ZQHWPF1JEZPMOS8XY"',
24 silly get     'content-type': 'application/json',
24 silly get     'cache-control': 'max-age=60',
24 silly get     'content-length': '97722',
24 silly get     'accept-ranges': 'bytes',
24 silly get     date: 'Wed, 19 Aug 2015 12:45:44 GMT',
24 silly get     via: '1.1 varnish',
24 silly get     age: '4',
24 silly get     connection: 'keep-alive',
24 silly get     'x-served-by': 'cache-fra1238-FRA',
24 silly get     'x-cache': 'HIT',
24 silly get     'x-cache-hits': '1',
24 silly get     'x-timer': 'S1439988344.764944,VS0,VE0',
24 silly get     vary: 'Accept' } ]
25 verbose get saving uglify-js to C:\Users\masted\AppData\Roaming\npm-cache\registry.npmjs.org\uglify-js\.cache.json
26 silly addNameRange number 2 { name: 'uglify-js', range: '*', hasData: true }
27 silly addNameRange versions [ 'uglify-js',
27 silly addNameRange   [ '0.0.1',
27 silly addNameRange     '0.0.2',
27 silly addNameRange     '0.0.3',
27 silly addNameRange     '0.0.4',
27 silly addNameRange     '0.0.5',
27 silly addNameRange     '1.0.1',
27 silly addNameRange     '1.0.2',
27 silly addNameRange     '1.0.3',
27 silly addNameRange     '1.0.4',
27 silly addNameRange     '1.0.5',
27 silly addNameRange     '1.0.6',
27 silly addNameRange     '1.0.7',
27 silly addNameRange     '1.1.0',
27 silly addNameRange     '1.1.1',
27 silly addNameRange     '1.2.0',
27 silly addNameRange     '1.2.1',
27 silly addNameRange     '1.2.2',
27 silly addNameRange     '1.2.3',
27 silly addNameRange     '1.2.4',
27 silly addNameRange     '1.2.5',
27 silly addNameRange     '1.2.6',
27 silly addNameRange     '1.3.0',
27 silly addNameRange     '1.3.1',
27 silly addNameRange     '1.3.2',
27 silly addNameRange     '1.3.3',
27 silly addNameRange     '1.3.4',
27 silly addNameRange     '2.2.0',
27 silly addNameRange     '2.2.1',
27 silly addNameRange     '2.2.2',
27 silly addNameRange     '2.2.3',
27 silly addNameRange     '2.2.4',
27 silly addNameRange     '2.2.5',
27 silly addNameRange     '2.3.0',
27 silly addNameRange     '2.3.1',
27 silly addNameRange     '2.3.2',
27 silly addNameRange     '2.3.3',
27 silly addNameRange     '2.3.4',
27 silly addNameRange     '2.3.5',
27 silly addNameRange     '2.3.6',
27 silly addNameRange     '1.3.5',
27 silly addNameRange     '2.4.0',
27 silly addNameRange     '2.4.1',
27 silly addNameRange     '2.4.2',
27 silly addNameRange     '2.4.3',
27 silly addNameRange     '2.4.4',
27 silly addNameRange     '2.4.5',
27 silly addNameRange     '2.4.6',
27 silly addNameRange     '2.4.7',
27 silly addNameRange     '2.4.8',
27 silly addNameRange     '2.4.9',
27 silly addNameRange     '2.4.10',
27 silly addNameRange     '2.4.11',
27 silly addNameRange     '2.4.12',
27 silly addNameRange     '2.4.13',
27 silly addNameRange     '2.4.14',
27 silly addNameRange     '2.4.15',
27 silly addNameRange     '2.4.16',
27 silly addNameRange     '2.4.17',
27 silly addNameRange     '2.4.18',
27 silly addNameRange     '2.4.19',
27 silly addNameRange     '2.4.20',
27 silly addNameRange     '2.4.21',
27 silly addNameRange     '2.4.22',
27 silly addNameRange     '2.4.23',
27 silly addNameRange     '2.4.24' ] ]
28 silly addNamed uglify-js@2.4.24
29 verbose addNamed "2.4.24" is a plain semver version for uglify-js
30 silly mapToRegistry name uglify-js
31 silly mapToRegistry using default registry
32 silly mapToRegistry registry https://registry.npmjs.org/
33 silly mapToRegistry uri https://registry.npmjs.org/uglify-js
34 verbose addRemoteTarball https://registry.npmjs.org/uglify-js/-/uglify-js-2.4.24.tgz not in flight; adding
35 verbose addRemoteTarball [ 'https://registry.npmjs.org/uglify-js/-/uglify-js-2.4.24.tgz',
35 verbose addRemoteTarball   'fad5755c1e1577658bb06ff9ab6e548c95bebd6e' ]
36 info retry fetch attempt 1 at 15:45:42
37 info attempt registry request try #1 at 15:45:42
38 http fetch GET https://registry.npmjs.org/uglify-js/-/uglify-js-2.4.24.tgz
39 http fetch 200 https://registry.npmjs.org/uglify-js/-/uglify-js-2.4.24.tgz
40 silly fetchAndShaCheck shasum fad5755c1e1577658bb06ff9ab6e548c95bebd6e
41 verbose addTmpTarball C:\Users\masted\AppData\Local\Temp\npm-55584-aca14a29\registry.npmjs.org\uglify-js\-\uglify-js-2.4.24.tgz not in flight; adding
42 verbose addTmpTarball already have metadata; skipping unpack for uglify-js@2.4.24
43 silly cache afterAdd uglify-js@2.4.24
44 verbose afterAdd C:\Users\masted\AppData\Roaming\npm-cache\uglify-js\2.4.24\package\package.json not in flight; writing
45 verbose afterAdd C:\Users\masted\AppData\Roaming\npm-cache\uglify-js\2.4.24\package\package.json written
46 silly install resolved [ { name: 'uglify-js',
46 silly install resolved     description: 'JavaScript parser, mangler/compressor and beautifier toolkit',
46 silly install resolved     homepage: 'http://lisperator.net/uglifyjs',
46 silly install resolved     author:
46 silly install resolved      { name: 'Mihai Bazon',
46 silly install resolved        email: 'mihai.bazon@gmail.com',
46 silly install resolved        url: 'http://lisperator.net/' },
46 silly install resolved     license: 'BSD',
46 silly install resolved     version: '2.4.24',
46 silly install resolved     engines: { node: '>=0.4.0' },
46 silly install resolved     maintainers: [ [Object], [Object], [Object] ],
46 silly install resolved     repository: { type: 'git', url: 'https://github.com/mishoo/UglifyJS2.git' },
46 silly install resolved     bugs: { url: 'https://github.com/mishoo/UglifyJS2/issues' },
46 silly install resolved     main: 'tools/node.js',
46 silly install resolved     bin: { uglifyjs: 'bin/uglifyjs' },
46 silly install resolved     files: [ 'bin', 'lib', 'tools', 'LICENSE' ],
46 silly install resolved     dependencies:
46 silly install resolved      { async: '~0.2.6',
46 silly install resolved        'source-map': '0.1.34',
46 silly install resolved        'uglify-to-browserify': '~1.0.0',
46 silly install resolved        yargs: '~3.5.4' },
46 silly install resolved     devDependencies:
46 silly install resolved      { acorn: '~0.6.0',
46 silly install resolved        escodegen: '~1.3.3',
46 silly install resolved        esfuzz: '~0.3.1',
46 silly install resolved        estraverse: '~1.5.1' },
46 silly install resolved     browserify: { transform: [Object] },
46 silly install resolved     scripts: { test: 'node test/run-tests.js' },
46 silly install resolved     gitHead: 'ba9936a5725f35c3d3452bf3aeba4055de1a1071',
46 silly install resolved     _id: 'uglify-js@2.4.24',
46 silly install resolved     _shasum: 'fad5755c1e1577658bb06ff9ab6e548c95bebd6e',
46 silly install resolved     _from: 'uglify-js@*',
46 silly install resolved     _npmVersion: '1.4.14',
46 silly install resolved     _npmUser: { name: 'mishoo', email: 'mihai.bazon@gmail.com' },
46 silly install resolved     dist:
46 silly install resolved      { shasum: 'fad5755c1e1577658bb06ff9ab6e548c95bebd6e',
46 silly install resolved        tarball: 'http://registry.npmjs.org/uglify-js/-/uglify-js-2.4.24.tgz' },
46 silly install resolved     directories: {},
46 silly install resolved     _resolved: 'https://registry.npmjs.org/uglify-js/-/uglify-js-2.4.24.tgz' } ]
47 info install uglify-js@2.4.24 into c:\Program Files\nodejs
48 info installOne uglify-js@2.4.24
49 verbose installOne of uglify-js to c:\Program Files\nodejs not in flight; installing
50 verbose lock using C:\Users\masted\AppData\Roaming\npm-cache\_locks\uglify-js-28f721c4c591e6b0.lock for c:\Program Files\nodejs\node_modules\uglify-js
51 silly install write writing uglify-js 2.4.24 to c:\Program Files\nodejs\node_modules\uglify-js
52 verbose unbuild node_modules\uglify-js
53 silly gentlyRm c:\Program Files\nodejs\node_modules\uglify-js is being purged from base c:\Program Files\nodejs
54 verbose gentlyRm don't care about contents; nuking c:\Program Files\nodejs\node_modules\uglify-js
55 verbose tar unpack C:\Users\masted\AppData\Roaming\npm-cache\uglify-js\2.4.24\package.tgz
56 verbose tar unpacking to c:\Program Files\nodejs\node_modules\uglify-js
57 silly gentlyRm c:\Program Files\nodejs\node_modules\uglify-js is being purged
58 verbose gentlyRm don't care about contents; nuking c:\Program Files\nodejs\node_modules\uglify-js
59 silly gunzTarPerm modes [ '777', '666' ]
60 error tar.unpack untar error C:\Users\masted\AppData\Roaming\npm-cache\uglify-js\2.4.24\package.tgz
61 verbose unlock done using C:\Users\masted\AppData\Roaming\npm-cache\_locks\uglify-js-28f721c4c591e6b0.lock for c:\Program Files\nodejs\node_modules\uglify-js
62 verbose fstream_path c:\Program Files\nodejs\node_modules\uglify-js
63 verbose fstream_type Directory
64 verbose fstream_class DirWriter
65 verbose stack Error: EPERM, mkdir 'c:\Program Files\nodejs\node_modules\uglify-js'
66 verbose fstream_stack c:\Users\masted\AppData\Roaming\npm\node_modules\npm\node_modules\fstream\lib\dir-writer.js:36:23
66 verbose fstream_stack c:\Users\masted\AppData\Roaming\npm\node_modules\npm\node_modules\mkdirp\index.js:46:53
66 verbose fstream_stack Object.oncomplete (fs.js:108:15)
67 verbose cwd c:\www\refactor\ngn-env\ngn
68 error Windows_NT 6.1.7601
69 error argv "c:\\Program Files\\nodejs\\node.exe" "c:\\Users\\masted\\AppData\\Roaming\\npm\\node_modules\\npm\\bin\\npm-cli.js" "install" "uglify-js" "-g"
70 error node v0.10.35
71 error npm  v2.8.4
72 error path c:\Program Files\nodejs\node_modules\uglify-js
73 error code EPERM
74 error errno 50
75 error Error: EPERM, mkdir 'c:\Program Files\nodejs\node_modules\uglify-js'
75 error  { [Error: EPERM, mkdir 'c:\Program Files\nodejs\node_modules\uglify-js']
75 error   errno: 50,
75 error   code: 'EPERM',
75 error   path: 'c:\\Program Files\\nodejs\\node_modules\\uglify-js',
75 error   fstream_type: 'Directory',
75 error   fstream_path: 'c:\\Program Files\\nodejs\\node_modules\\uglify-js',
75 error   fstream_class: 'DirWriter',
75 error   fstream_stack:
75 error    [ 'c:\\Users\\masted\\AppData\\Roaming\\npm\\node_modules\\npm\\node_modules\\fstream\\lib\\dir-writer.js:36:23',
75 error      'c:\\Users\\masted\\AppData\\Roaming\\npm\\node_modules\\npm\\node_modules\\mkdirp\\index.js:46:53',
75 error      'Object.oncomplete (fs.js:108:15)' ] }
76 error Please try running this command again as root/Administrator.
77 verbose exit [ 50, true ]
78 verbose unbuild node_modules\uglify-js
79 silly gentlyRm c:\Program Files\nodejs\node_modules\uglify-js is being purged from base c:\Program Files\nodejs
80 verbose gentlyRm don't care about contents; nuking c:\Program Files\nodejs\node_modules\uglify-js
